This file contains any messages produced by compilers while
running configure, to aid debugging if configure makes a mistake.

It was created by configure, which was
generated by GNU Autoconf 2.63.  Invocation command line was

  $ ./configure --disable-option-checking --prefix=/usr/local --cache-file=/dev/null --srcdir=.

## --------- ##
## Platform. ##
## --------- ##

hostname = development
uname -m = arm
uname -r = 2.6.18-53.el5
uname -s = Linux
uname -v = #1 SMP Wed Oct 10 16:34:02 EDT 2007

/usr/bin/uname -p = unknown
/bin/uname -X     = unknown

/bin/arch              = arm
/usr/bin/arch -k       = arm
/usr/convex/getsysinfo = unknown
/usr/bin/hostinfo      = unknown
/bin/machine           = unknown
/usr/bin/oslevel       = unknown
/bin/universe          = unknown

PATH: /scratchbox/devkits/debian-lenny/bin
PATH: /scratchbox/devkits/perl/bin
PATH: /scratchbox/devkits/git/bin
PATH: /scratchbox/devkits/doctools/bin
PATH: /scratchbox/devkits/debian-etch/bin
PATH: /scratchbox/devkits/cputransp/bin
PATH: /scratchbox/devkits/apt-https/bin
PATH: /scratchbox/tools/bin
PATH: /targets/links/arch_tools/bin
PATH: /host_usr/bin
PATH: /scratchbox/compilers/bin
PATH: /bin
PATH: /usr/bin
PATH: /usr/local/bin
PATH: /usr/X11R6/bin
PATH: /sbin
PATH: /usr/sbin
PATH: /home/liuyong/bin


## ----------- ##
## Core tests. ##
## ----------- ##

configure:2013: checking whether make sets $(MAKE)
configure:2035: result: yes
configure:2096: checking for gcc
configure:2112: found /scratchbox/compilers/bin/gcc
configure:2123: result: gcc
configure:2355: checking for C compiler version
configure:2363: gcc --version >&5
sbox-arm-unknown-linux-gnu-gcc (GCC) 4.0.1
Copyright (C) 2005 Free Software Foundation, Inc.
This is free software; see the source for copying conditions.  There is NO
warranty; not even for MERCHANTABILITY or FITNESS FOR A PARTICULAR PURPOSE.

configure:2367: $? = 0
configure:2374: gcc -v >&5
Using built-in specs.
Reading specs from /scratchbox/compilers/arm-linux-ct401-2.3/gcc.specs
rename spec cpp to old_cpp
Target: arm-unknown-linux-gnu
Configured with: /tmp/jhakala.16079/crosstool-0.42/build/arm-unknown-linux-gnu/gcc-4.0.1-glibc-2.3.2/gcc-4.0.1/configure --target=arm-unknown-linux-gnu --host=i686-host_pc-linux-gnu --prefix=/tmp/jhakala.16079/scratchbox/compilers/arm-linux-ct401-2.3 --with-headers=/tmp/jhakala.16079/scratchbox/compilers/arm-linux-ct401-2.3/arm-unknown-linux-gnu/include --with-local-prefix=/tmp/jhakala.16079/scratchbox/compilers/arm-linux-ct401-2.3/arm-unknown-linux-gnu --disable-nls --enable-threads=posix --enable-symvers=gnu --enable-__cxa_atexit --enable-languages=c,c++ --enable-shared --enable-c99 --enable-long-long
Thread model: posix
gcc version 4.0.1
configure:2378: $? = 0
configure:2385: gcc -V >&5
sbox-arm-unknown-linux-gnu-gcc: '-V' must come at the start of the command line
configure:2389: $? = 1
configure:2412: checking for C compiler default output file name
configure:2434: gcc    conftest.c  >&5
configure:2438: $? = 0
configure:2476: result: a.out
configure:2495: checking whether the C compiler works
configure:2505: ./a.out
configure:2509: $? = 0
configure:2528: result: yes
configure:2535: checking whether we are cross compiling
configure:2537: result: no
configure:2540: checking for suffix of executables
configure:2547: gcc -o conftest    conftest.c  >&5
configure:2551: $? = 0
configure:2577: result: 
configure:2583: checking for suffix of object files
configure:2609: gcc -c   conftest.c >&5
configure:2613: $? = 0
configure:2638: result: o
configure:2642: checking whether we are using the GNU C compiler
configure:2671: gcc -c   conftest.c >&5
configure:2678: $? = 0
configure:2695: result: yes
configure:2704: checking whether gcc accepts -g
configure:2734: gcc -c -g  conftest.c >&5
configure:2741: $? = 0
configure:2842: result: yes
configure:2859: checking for gcc option to accept ISO C89
configure:2933: gcc  -c -g -O2  conftest.c >&5
configure:2940: $? = 0
configure:2963: result: none needed
configure:2986: checking how to run the C preprocessor
configure:3026: gcc -E  conftest.c
configure:3033: $? = 0
configure:3064: gcc -E  conftest.c
conftest.c:8:28: error: ac_nonexistent.h: No such file or directory
configure:3071: $? = 1
configure: failed program was:
| /* confdefs.h.  */
| #define PACKAGE_NAME ""
| #define PACKAGE_TARNAME ""
| #define PACKAGE_VERSION ""
| #define PACKAGE_STRING ""
| #define PACKAGE_BUGREPORT ""
| /* end confdefs.h.  */
| #include <ac_nonexistent.h>
configure:3104: result: gcc -E
configure:3133: gcc -E  conftest.c
configure:3140: $? = 0
configure:3171: gcc -E  conftest.c
conftest.c:8:28: error: ac_nonexistent.h: No such file or directory
configure:3178: $? = 1
configure: failed program was:
| /* confdefs.h.  */
| #define PACKAGE_NAME ""
| #define PACKAGE_TARNAME ""
| #define PACKAGE_VERSION ""
| #define PACKAGE_STRING ""
| #define PACKAGE_BUGREPORT ""
| /* end confdefs.h.  */
| #include <ac_nonexistent.h>
configure:3231: checking for a BSD-compatible install
configure:3299: result: /scratchbox/tools/bin/install -c
configure:3318: checking build system type
configure:3336: result: arm-unknown-linux-gnu
configure:3358: checking host system type
configure:3373: result: arm-unknown-linux-gnu
configure:3398: checking whether to activate relocatable installation
configure:3413: result: no
configure:3452: checking for grep that handles long lines and -e
configure:3512: result: /scratchbox/tools/bin/grep
configure:3517: checking for egrep
configure:3581: result: /scratchbox/tools/bin/grep -E
configure:3586: checking for ANSI C header files
configure:3616: gcc -c -g -O2  conftest.c >&5
configure:3623: $? = 0
configure:3719: gcc -o conftest -g -O2   conftest.c  >&5
configure:3723: $? = 0
configure:3729: ./conftest
configure:3733: $? = 0
configure:3751: result: yes
configure:3775: checking for sys/types.h
configure:3796: gcc -c -g -O2  conftest.c >&5
configure:3803: $? = 0
configure:3820: result: yes
configure:3775: checking for sys/stat.h
configure:3796: gcc -c -g -O2  conftest.c >&5
configure:3803: $? = 0
configure:3820: result: yes
configure:3775: checking for stdlib.h
configure:3796: gcc -c -g -O2  conftest.c >&5
configure:3803: $? = 0
configure:3820: result: yes
configure:3775: checking for string.h
configure:3796: gcc -c -g -O2  conftest.c >&5
configure:3803: $? = 0
configure:3820: result: yes
configure:3775: checking for memory.h
configure:3796: gcc -c -g -O2  conftest.c >&5
configure:3803: $? = 0
configure:3820: result: yes
configure:3775: checking for strings.h
configure:3796: gcc -c -g -O2  conftest.c >&5
configure:3803: $? = 0
configure:3820: result: yes
configure:3775: checking for inttypes.h
configure:3796: gcc -c -g -O2  conftest.c >&5
configure:3803: $? = 0
configure:3820: result: yes
configure:3775: checking for stdint.h
configure:3796: gcc -c -g -O2  conftest.c >&5
configure:3803: $? = 0
configure:3820: result: yes
configure:3775: checking for unistd.h
configure:3796: gcc -c -g -O2  conftest.c >&5
configure:3803: $? = 0
configure:3820: result: yes
configure:3845: checking minix/config.h usability
configure:3862: gcc -c -g -O2  conftest.c >&5
conftest.c:52:26: error: minix/config.h: No such file or directory
configure:3869: $? = 1
configure: failed program was:
| /* confdefs.h.  */
| #define PACKAGE_NAME ""
| #define PACKAGE_TARNAME ""
| #define PACKAGE_VERSION ""
| #define PACKAGE_STRING ""
| #define PACKAGE_BUGREPORT ""
| #define INSTALLPREFIX "/usr/local"
| #define STDC_HEADERS 1
| #define HAVE_SYS_TYPES_H 1
| #define HAVE_SYS_STAT_H 1
| #define HAVE_STDLIB_H 1
| #define HAVE_STRING_H 1
| #define HAVE_MEMORY_H 1
| #define HAVE_STRINGS_H 1
| #define HAVE_INTTYPES_H 1
| #define HAVE_STDINT_H 1
| #define HAVE_UNISTD_H 1
| /* end confdefs.h.  */
| #include <stdio.h>
| #ifdef HAVE_SYS_TYPES_H
| # include <sys/types.h>
| #endif
| #ifdef HAVE_SYS_STAT_H
| # include <sys/stat.h>
| #endif
| #ifdef STDC_HEADERS
| # include <stdlib.h>
| # include <stddef.h>
| #else
| # ifdef HAVE_STDLIB_H
| #  include <stdlib.h>
| # endif
| #endif
| #ifdef HAVE_STRING_H
| # if !defined STDC_HEADERS && defined HAVE_MEMORY_H
| #  include <memory.h>
| # endif
| # include <string.h>
| #endif
| #ifdef HAVE_STRINGS_H
| # include <strings.h>
| #endif
| #ifdef HAVE_INTTYPES_H
| # include <inttypes.h>
| #endif
| #ifdef HAVE_STDINT_H
| # include <stdint.h>
| #endif
| #ifdef HAVE_UNISTD_H
| # include <unistd.h>
| #endif
| #include <minix/config.h>
configure:3883: result: no
configure:3887: checking minix/config.h presence
configure:3902: gcc -E  conftest.c
conftest.c:19:26: error: minix/config.h: No such file or directory
configure:3909: $? = 1
configure: failed program was:
| /* confdefs.h.  */
| #define PACKAGE_NAME ""
| #define PACKAGE_TARNAME ""
| #define PACKAGE_VERSION ""
| #define PACKAGE_STRING ""
| #define PACKAGE_BUGREPORT ""
| #define INSTALLPREFIX "/usr/local"
| #define STDC_HEADERS 1
| #define HAVE_SYS_TYPES_H 1
| #define HAVE_SYS_STAT_H 1
| #define HAVE_STDLIB_H 1
| #define HAVE_STRING_H 1
| #define HAVE_MEMORY_H 1
| #define HAVE_STRINGS_H 1
| #define HAVE_INTTYPES_H 1
| #define HAVE_STDINT_H 1
| #define HAVE_UNISTD_H 1
| /* end confdefs.h.  */
| #include <minix/config.h>
configure:3923: result: no
configure:3951: checking for minix/config.h
configure:3958: result: no
configure:3989: checking whether it is safe to define __EXTENSIONS__
configure:4017: gcc -c -g -O2  conftest.c >&5
configure:4024: $? = 0
configure:4039: result: yes
configure:4094: checking for a sed that does not truncate output
configure:4160: result: /scratchbox/tools/bin/sed
configure:4178: checking for fgrep
configure:4242: result: /scratchbox/tools/bin/grep -F
configure:4277: checking for ld used by gcc
configure:4344: result: /scratchbox/compilers/arm-linux-ct401-2.3/arm-unknown-linux-gnu/bin/ld
configure:4353: checking if the linker (/scratchbox/compilers/arm-linux-ct401-2.3/arm-unknown-linux-gnu/bin/ld) is GNU ld
configure:4368: result: yes
configure:4380: checking for BSD- or MS-compatible name lister (nm)
configure:4429: result: /scratchbox/compilers/bin/nm -B
configure:4547: checking the name lister (/scratchbox/compilers/bin/nm -B) interface
configure:4557: gcc -c -g -O2  conftest.c >&5
configure:4560: /scratchbox/compilers/bin/nm -B "conftest.o"
configure:4563: output
00000000 B some_variable
configure:4567: result: BSD nm
configure:4570: checking whether ln -s works
configure:4574: result: yes
configure:4582: checking the maximum length of command line arguments
configure:4702: result: 98304
configure:4719: checking whether the shell understands some XSI constructs
configure:4729: result: yes
configure:4733: checking whether the shell understands "+="
configure:4739: result: no
configure:4774: checking for /scratchbox/compilers/arm-linux-ct401-2.3/arm-unknown-linux-gnu/bin/ld option to reload object files
configure:4781: result: -r
configure:4850: checking for objdump
configure:4866: found /scratchbox/compilers/bin/objdump
configure:4877: result: objdump
configure:4906: checking how to recognize dependent libraries
configure:5102: result: pass_all
configure:5162: checking for ar
configure:5178: found /scratchbox/compilers/bin/ar
configure:5189: result: ar
configure:5267: checking for strip
configure:5283: found /scratchbox/compilers/bin/strip
configure:5294: result: strip
configure:5366: checking for ranlib
configure:5382: found /scratchbox/compilers/bin/ranlib
configure:5393: result: ranlib
configure:5483: checking command to parse /scratchbox/compilers/bin/nm -B output from gcc object
configure:5601: gcc -c -g -O2  conftest.c >&5
configure:5604: $? = 0
configure:5608: /scratchbox/compilers/bin/nm -B conftest.o \| sed -n -e 's/^.*[	 ]\([ABCDGIRSTW][ABCDGIRSTW]*\)[	 ][	 ]*\([_A-Za-z][_A-Za-z0-9]*\)$/\1 \2 \2/p' \> conftest.nm
configure:5611: $? = 0
configure:5665: gcc -o conftest -g -O2   conftest.c conftstm.o >&5
configure:5668: $? = 0
configure:5706: result: ok
configure:6571: checking for dlfcn.h
configure:6592: gcc -c -g -O2  conftest.c >&5
configure:6599: $? = 0
configure:6616: result: yes
configure:7100: checking for objdir
configure:7115: result: .libs
configure:7411: checking if gcc supports -fno-rtti -fno-exceptions
configure:7432: gcc -c -g -O2  -fno-rtti -fno-exceptions conftest.c >&5
cc1: warning: command line option "-fno-rtti" is valid for C++/ObjC++ but not for C
configure:7436: $? = 0
configure:7446: result: no
configure:7466: checking for gcc option to produce PIC
configure:7738: result: -fPIC -DPIC
configure:7750: checking if gcc PIC flag -fPIC -DPIC works
configure:7771: gcc -c -g -O2  -fPIC -DPIC -DPIC conftest.c >&5
configure:7775: $? = 0
configure:7785: result: yes
configure:7809: checking if gcc static flag -static works
configure:7837: result: yes
configure:7852: checking if gcc supports -c -o file.o
configure:7876: gcc -c -g -O2  -o out/conftest2.o conftest.c >&5
configure:7880: $? = 0
configure:7899: result: yes
configure:7907: checking if gcc supports -c -o file.o
configure:7954: result: yes
configure:7987: checking whether the gcc linker (/scratchbox/compilers/arm-linux-ct401-2.3/arm-unknown-linux-gnu/bin/ld) supports shared libraries
configure:9061: result: yes
configure:9098: checking whether -lc should be explicitly linked in
configure:9103: gcc -c -g -O2  conftest.c >&5
configure:9106: $? = 0
configure:9121: gcc -shared conftest.o  -v -Wl,-soname -Wl,conftest -o conftest 2\>\&1 \| /scratchbox/tools/bin/grep  -lc  \>/dev/null 2\>\&1
configure:9124: $? = 0
configure:9136: result: no
configure:9300: checking dynamic linker characteristics
configure:9743: gcc -o conftest -g -O2   -Wl,-rpath -Wl,/foo conftest.c  >&5
configure:9750: $? = 0
configure:9983: result: GNU/Linux ld.so
configure:10085: checking how to hardcode library paths into programs
configure:10110: result: immediate
configure:10943: checking whether stripping libraries is possible
configure:10948: result: yes
configure:10983: checking if libtool supports shared libraries
configure:10985: result: yes
configure:10988: checking whether to build shared libraries
configure:11009: result: yes
configure:11012: checking whether to build static libraries
configure:11016: result: yes
configure:11056: checking for simple visibility declarations
configure:11088: gcc -c -g -O2 -fvisibility=hidden  conftest.c >&5
configure:11095: $? = 0
configure:11112: result: yes
configure:11130: checking for nl_langinfo and CODESET
configure:11156: gcc -o conftest -g -O2   conftest.c  >&5
configure:11163: $? = 0
configure:11184: result: yes
configure:11195: checking whether we are using the GNU C Library 2.1 or newer
configure:11226: result: yes
configure:11236: checking for setlocale
configure:11292: gcc -o conftest -g -O2   conftest.c  >&5
configure:11299: $? = 0
configure:11321: result: yes
configure:11444: creating ./config.status

## ---------------------- ##
## Running config.status. ##
## ---------------------- ##

This file was extended by config.status, which was
generated by GNU Autoconf 2.63.  Invocation command line was

  CONFIG_FILES    = 
  CONFIG_HEADERS  = 
  CONFIG_LINKS    = 
  CONFIG_COMMANDS = 
  $ ./config.status 

on development

config.status:970: creating Makefile
config.status:970: creating lib/Makefile
config.status:970: creating include/localcharset.h
config.status:970: creating include/localcharset.h.inst
config.status:970: creating config.h
config.status:1204: executing libtool commands

## ---------------- ##
## Cache variables. ##
## ---------------- ##

ac_cv_build=arm-unknown-linux-gnu
ac_cv_c_compiler_gnu=yes
ac_cv_env_CC_set=
ac_cv_env_CC_value=
ac_cv_env_CFLAGS_set=
ac_cv_env_CFLAGS_value=
ac_cv_env_CPPFLAGS_set=
ac_cv_env_CPPFLAGS_value=
ac_cv_env_CPP_set=
ac_cv_env_CPP_value=
ac_cv_env_LDFLAGS_set=
ac_cv_env_LDFLAGS_value=
ac_cv_env_LIBS_set=
ac_cv_env_LIBS_value=
ac_cv_env_build_alias_set=
ac_cv_env_build_alias_value=
ac_cv_env_host_alias_set=
ac_cv_env_host_alias_value=
ac_cv_env_target_alias_set=
ac_cv_env_target_alias_value=
ac_cv_func_setlocale=yes
ac_cv_gnu_library_2_1=yes
ac_cv_header_dlfcn_h=yes
ac_cv_header_inttypes_h=yes
ac_cv_header_memory_h=yes
ac_cv_header_minix_config_h=no
ac_cv_header_stdc=yes
ac_cv_header_stdint_h=yes
ac_cv_header_stdlib_h=yes
ac_cv_header_string_h=yes
ac_cv_header_strings_h=yes
ac_cv_header_sys_stat_h=yes
ac_cv_header_sys_types_h=yes
ac_cv_header_unistd_h=yes
ac_cv_host=arm-unknown-linux-gnu
ac_cv_objext=o
ac_cv_path_EGREP='/scratchbox/tools/bin/grep -E'
ac_cv_path_FGREP='/scratchbox/tools/bin/grep -F'
ac_cv_path_GREP=/scratchbox/tools/bin/grep
ac_cv_path_SED=/scratchbox/tools/bin/sed
ac_cv_path_install='/scratchbox/tools/bin/install -c'
ac_cv_prog_CPP='gcc -E'
ac_cv_prog_ac_ct_AR=ar
ac_cv_prog_ac_ct_CC=gcc
ac_cv_prog_ac_ct_OBJDUMP=objdump
ac_cv_prog_ac_ct_RANLIB=ranlib
ac_cv_prog_ac_ct_STRIP=strip
ac_cv_prog_cc_c89=
ac_cv_prog_cc_g=yes
ac_cv_prog_make_make_set=yes
ac_cv_safe_to_define___extensions__=yes
am_cv_langinfo_codeset=yes
gl_cv_cc_visibility=yes
lt_cv_deplibs_check_method=pass_all
lt_cv_file_magic_cmd='$MAGIC_CMD'
lt_cv_file_magic_test_file=
lt_cv_ld_reload_flag=-r
lt_cv_nm_interface='BSD nm'
lt_cv_objdir=.libs
lt_cv_path_LD=/scratchbox/compilers/arm-linux-ct401-2.3/arm-unknown-linux-gnu/bin/ld
lt_cv_path_NM='/scratchbox/compilers/bin/nm -B'
lt_cv_prog_compiler_c_o=yes
lt_cv_prog_compiler_pic_works=yes
lt_cv_prog_compiler_rtti_exceptions=no
lt_cv_prog_compiler_static_works=yes
lt_cv_prog_gnu_ld=yes
lt_cv_sys_global_symbol_pipe='sed -n -e '\''s/^.*[	 ]\([ABCDGIRSTW][ABCDGIRSTW]*\)[	 ][	 ]*\([_A-Za-z][_A-Za-z0-9]*\)$/\1 \2 \2/p'\'''
lt_cv_sys_global_symbol_to_c_name_address='sed -n -e '\''s/^: \([^ ]*\) $/  {\"\1\", (void *) 0},/p'\'' -e '\''s/^[ABCDGIRSTW]* \([^ ]*\) \([^ ]*\)$/  {"\2", (void *) \&\2},/p'\'''
lt_cv_sys_global_symbol_to_c_name_address_lib_prefix='sed -n -e '\''s/^: \([^ ]*\) $/  {\"\1\", (void *) 0},/p'\'' -e '\''s/^[ABCDGIRSTW]* \([^ ]*\) \(lib[^ ]*\)$/  {"\2", (void *) \&\2},/p'\'' -e '\''s/^[ABCDGIRSTW]* \([^ ]*\) \([^ ]*\)$/  {"lib\2", (void *) \&\2},/p'\'''
lt_cv_sys_global_symbol_to_cdecl='sed -n -e '\''s/^T .* \(.*\)$/extern int \1();/p'\'' -e '\''s/^[ABCDGIRSTW]* .* \(.*\)$/extern char \1;/p'\'''
lt_cv_sys_max_cmd_len=98304

## ----------------- ##
## Output variables. ##
## ----------------- ##

AR='ar'
AS='as'
CC='gcc'
CFLAGS='-g -O2'
CFLAG_VISIBILITY='-fvisibility=hidden'
CPP='gcc -E'
CPPFLAGS=''
DEFS='-DHAVE_CONFIG_H'
DLLTOOL='dlltool'
DSYMUTIL=''
DUMPBIN=''
ECHO_C=''
ECHO_N='-n'
ECHO_T=''
EGREP='/scratchbox/tools/bin/grep -E'
EXEEXT=''
FGREP='/scratchbox/tools/bin/grep -F'
GLIBC21='yes'
GREP='/scratchbox/tools/bin/grep'
HAVE_VISIBILITY='1'
INSTALL_DATA='${INSTALL} -m 644'
INSTALL_PROGRAM='${INSTALL}'
INSTALL_SCRIPT='${INSTALL}'
LD='/scratchbox/compilers/arm-linux-ct401-2.3/arm-unknown-linux-gnu/bin/ld'
LDFLAGS=''
LIBOBJS=''
LIBS=''
LIBTOOL='/bin/sh $(top_builddir)/libtool'
LIPO=''
LN_S='ln -s'
LTLIBOBJS=''
NM='/scratchbox/compilers/bin/nm -B'
NMEDIT=''
OBJDUMP='objdump'
OBJEXT='o'
OTOOL64=''
OTOOL=''
PACKAGE=''
PACKAGE_BUGREPORT=''
PACKAGE_NAME=''
PACKAGE_STRING=''
PACKAGE_TARNAME=''
PACKAGE_VERSION=''
PATH_SEPARATOR=':'
RANLIB='ranlib'
RELOCATABLE='no'
SED='/scratchbox/tools/bin/sed'
SET_MAKE=''
SHELL='/bin/sh'
STRIP='strip'
VERSION=''
ac_ct_CC='gcc'
ac_ct_DUMPBIN=''
bindir='${exec_prefix}/bin'
build='arm-unknown-linux-gnu'
build_alias=''
build_cpu='arm'
build_os='linux-gnu'
build_vendor='unknown'
datadir='${datarootdir}'
datarootdir='${prefix}/share'
docdir='${datarootdir}/doc/${PACKAGE}'
dvidir='${docdir}'
exec_prefix='${prefix}'
host='arm-unknown-linux-gnu'
host_alias=''
host_cpu='arm'
host_os='linux-gnu'
host_vendor='unknown'
htmldir='${docdir}'
includedir='${prefix}/include'
infodir='${datarootdir}/info'
libdir='${exec_prefix}/lib'
libexecdir='${exec_prefix}/libexec'
localedir='${datarootdir}/locale'
localstatedir='${prefix}/var'
lt_ECHO='echo'
mandir='${datarootdir}/man'
oldincludedir='/usr/include'
pdfdir='${docdir}'
prefix='/usr/local'
program_transform_name='s,x,x,'
psdir='${docdir}'
sbindir='${exec_prefix}/sbin'
sharedstatedir='${prefix}/com'
sysconfdir='${prefix}/etc'
target_alias=''

## ----------- ##
## confdefs.h. ##
## ----------- ##

#define PACKAGE_NAME ""
#define PACKAGE_TARNAME ""
#define PACKAGE_VERSION ""
#define PACKAGE_STRING ""
#define PACKAGE_BUGREPORT ""
#define INSTALLPREFIX "/usr/local"
#define STDC_HEADERS 1
#define HAVE_SYS_TYPES_H 1
#define HAVE_SYS_STAT_H 1
#define HAVE_STDLIB_H 1
#define HAVE_STRING_H 1
#define HAVE_MEMORY_H 1
#define HAVE_STRINGS_H 1
#define HAVE_INTTYPES_H 1
#define HAVE_STDINT_H 1
#define HAVE_UNISTD_H 1
#define __EXTENSIONS__ 1
#define _ALL_SOURCE 1
#define _GNU_SOURCE 1
#define _POSIX_PTHREAD_SEMANTICS 1
#define _TANDEM_SOURCE 1
#define HAVE_DLFCN_H 1
#define LT_OBJDIR ".libs/"
#define HAVE_VISIBILITY 1
#define HAVE_LANGINFO_CODESET 1
#define HAVE_SETLOCALE 1

configure: exit 0
